# JRE version: OpenJDK Runtime Environment Temurin-21.0.11+10 (21.0.11+10) (build 21.0.11+10-LTS)
# Java VM: OpenJDK 64-Bit Server VM Temurin-21.0.11+10 (21.0.11+10-LTS, mixed mode, sharing, tiered, compressed oops, compressed class ptrs, parallel gc, windows-amd64)
GC Precious Log:
 CardTable entry size: 512
 CPUs: 8 total, 8 available
 Memory: 8029M
 Large Page Support: Disabled
 NUMA Support: Disabled
 Compressed Oops: Enabled (32-bit)
 Alignments: Space 512K, Generation 512K, Heap 2M
 Heap Min Capacity: 100M
 Heap Initial Capacity: 100M
 Heap Max Capacity: 2G
 Pre-touch: Disabled
 Parallel Workers: 8
Heap:
 PSYoungGen      total 17408K, used 8945K [0x00000000d5580000, 0x00000000d6880000, 0x0000000100000000)
  eden space 15360K, 46% used [0x00000000d5580000,0x00000000d5c8c738,0x00000000d6480000)
  from space 2048K, 84% used [0x00000000d6680000,0x00000000d6831ee0,0x00000000d6880000)
  to   space 2048K, 0% used [0x00000000d6480000,0x00000000d6480000,0x00000000d6680000)
 ParOldGen       total 68608K, used 53950K [0x0000000080000000, 0x0000000084300000, 0x00000000d5580000)
  object space 68608K, 78% used [0x0000000080000000,0x00000000834af8e0,0x0000000084300000)
 Metaspace       used 72356K, committed 73920K, reserved 1114112K
  class space    used 7816K, committed 8512K, reserved 1048576K
GC Heap History (20 events):
Event: 56.581 GC heap before
{Heap before GC invocations=44 (full 3):
 PSYoungGen      total 19968K, used 19460K [0x00000000d5580000, 0x00000000d6c00000, 0x0000000100000000)
  eden space 17920K, 99% used [0x00000000d5580000,0x00000000d66faf88,0x00000000d6700000)
  from space 2048K, 76% used [0x00000000d6a00000,0x00000000d6b86200,0x00000000d6c00000)
  to   space 2048K, 0% used [0x00000000d6700000,0x00000000d6700000,0x00000000d6900000)
 ParOldGen       total 68608K, used 43633K [0x0000000080000000, 0x0000000084300000, 0x00000000d5580000)
  object space 68608K, 63% used [0x0000000080000000,0x0000000082a9c428,0x0000000084300000)
 Metaspace       used 62383K, committed 63680K, reserved 1114112K
  class space    used 6887K, committed 7424K, reserved 1048576K
}
Event: 56.584 GC heap after
{Heap after GC invocations=44 (full 3):
 PSYoungGen      total 19968K, used 704K [0x00000000d5580000, 0x00000000d6a80000, 0x0000000100000000)
  eden space 17920K, 0% used [0x00000000d5580000,0x00000000d5580000,0x00000000d6700000)
  from space 2048K, 34% used [0x00000000d6700000,0x00000000d67b0000,0x00000000d6900000)
  to   space 1536K, 0% used [0x00000000d6900000,0x00000000d6900000,0x00000000d6a80000)
 ParOldGen       total 68608K, used 45089K [0x0000000080000000, 0x0000000084300000, 0x00000000d5580000)
  object space 68608K, 65% used [0x0000000080000000,0x0000000082c08628,0x0000000084300000)
 Metaspace       used 62383K, committed 63680K, reserved 1114112K
  class space    used 6887K, committed 7424K, reserved 1048576K
}
Event: 57.103 GC heap before
{Heap before GC invocations=45 (full 3):
 PSYoungGen      total 19968K, used 18592K [0x00000000d5580000, 0x00000000d6a80000, 0x0000000100000000)
  eden space 17920K, 99% used [0x00000000d5580000,0x00000000d66f80b8,0x00000000d6700000)
  from space 2048K, 34% used [0x00000000d6700000,0x00000000d67b0000,0x00000000d6900000)
  to   space 1536K, 0% used [0x00000000d6900000,0x00000000d6900000,0x00000000d6a80000)
 ParOldGen       total 68608K, used 45089K [0x0000000080000000, 0x0000000084300000, 0x00000000d5580000)
  object space 68608K, 65% used [0x0000000080000000,0x0000000082c08628,0x0000000084300000)
 Metaspace       used 63286K, committed 64640K, reserved 1114112K
  class space    used 7008K, committed 7552K, reserved 1048576K
}
Event: 57.105 GC heap after
{Heap after GC invocations=45 (full 3):
 PSYoungGen      total 18944K, used 1517K [0x00000000d5580000, 0x00000000d6c00000, 0x0000000100000000)
  eden space 17408K, 0% used [0x00000000d5580000,0x00000000d5580000,0x00000000d6680000)
  from space 1536K, 98% used [0x00000000d6900000,0x00000000d6a7b510,0x00000000d6a80000)
  to   space 2560K, 0% used [0x00000000d6680000,0x00000000d6680000,0x00000000d6900000)
 ParOldGen       total 68608K, used 45830K [0x0000000080000000, 0x0000000084300000, 0x00000000d5580000)
  object space 68608K, 66% used [0x0000000080000000,0x0000000082cc19c0,0x0000000084300000)
 Metaspace       used 63286K, committed 64640K, reserved 1114112K
  class space    used 7008K, committed 7552K, reserved 1048576K
}
Event: 58.025 GC heap before
{Heap before GC invocations=46 (full 3):
 PSYoungGen      total 18944K, used 18925K [0x00000000d5580000, 0x00000000d6c00000, 0x0000000100000000)
  eden space 17408K, 100% used [0x00000000d5580000,0x00000000d6680000,0x00000000d6680000)
  from space 1536K, 98% used [0x00000000d6900000,0x00000000d6a7b510,0x00000000d6a80000)
  to   space 2560K, 0% used [0x00000000d6680000,0x00000000d6680000,0x00000000d6900000)
 ParOldGen       total 68608K, used 45830K [0x0000000080000000, 0x0000000084300000, 0x00000000d5580000)
  object space 68608K, 66% used [0x0000000080000000,0x0000000082cc19c0,0x0000000084300000)
 Metaspace       used 64484K, committed 65920K, reserved 1114112K
  class space    used 7136K, committed 7744K, reserved 1048576K
}
Event: 58.029 GC heap after
{Heap after GC invocations=46 (full 3):
 PSYoungGen      total 18432K, used 887K [0x00000000d5580000, 0x00000000d6980000, 0x0000000100000000)
  eden space 17408K, 0% used [0x00000000d5580000,0x00000000d5580000,0x00000000d6680000)
  from space 1024K, 86% used [0x00000000d6680000,0x00000000d675def0,0x00000000d6780000)
  to   space 1536K, 0% used [0x00000000d6800000,0x00000000d6800000,0x00000000d6980000)
 ParOldGen       total 68608K, used 47348K [0x0000000080000000, 0x0000000084300000, 0x00000000d5580000)
  object space 68608K, 69% used [0x0000000080000000,0x0000000082e3d350,0x0000000084300000)
 Metaspace       used 64484K, committed 65920K, reserved 1114112K
  class space    used 7136K, committed 7744K, reserved 1048576K
}
Event: 58.318 GC heap before
{Heap before GC invocations=47 (full 3):
 PSYoungGen      total 18432K, used 18295K [0x00000000d5580000, 0x00000000d6980000, 0x0000000100000000)
  eden space 17408K, 100% used [0x00000000d5580000,0x00000000d6680000,0x00000000d6680000)
  from space 1024K, 86% used [0x00000000d6680000,0x00000000d675def0,0x00000000d6780000)
  to   space 1536K, 0% used [0x00000000d6800000,0x00000000d6800000,0x00000000d6980000)
 ParOldGen       total 68608K, used 47348K [0x0000000080000000, 0x0000000084300000, 0x00000000d5580000)
  object space 68608K, 69% used [0x0000000080000000,0x0000000082e3d350,0x0000000084300000)
 Metaspace       used 66067K, committed 67520K, reserved 1114112K
  class space    used 7259K, committed 7808K, reserved 1048576K
}
Event: 58.322 GC heap after
{Heap after GC invocations=47 (full 3):
 PSYoungGen      total 17408K, used 1523K [0x00000000d5580000, 0x00000000d6c80000, 0x0000000100000000)
  eden space 15872K, 0% used [0x00000000d5580000,0x00000000d5580000,0x00000000d6500000)
  from space 1536K, 99% used [0x00000000d6800000,0x00000000d697cc98,0x00000000d6980000)
  to   space 3072K, 0% used [0x00000000d6500000,0x00000000d6500000,0x00000000d6800000)
 ParOldGen       total 68608K, used 48283K [0x0000000080000000, 0x0000000084300000, 0x00000000d5580000)
  object space 68608K, 70% used [0x0000000080000000,0x0000000082f26de8,0x0000000084300000)
 Metaspace       used 66067K, committed 67520K, reserved 1114112K
  class space    used 7259K, committed 7808K, reserved 1048576K
}
Event: 58.419 GC heap before
{Heap before GC invocations=48 (full 3):
 PSYoungGen      total 17408K, used 17395K [0x00000000d5580000, 0x00000000d6c80000, 0x0000000100000000)
  eden space 15872K, 100% used [0x00000000d5580000,0x00000000d6500000,0x00000000d6500000)
  from space 1536K, 99% used [0x00000000d6800000,0x00000000d697cc98,0x00000000d6980000)
  to   space 3072K, 0% used [0x00000000d6500000,0x00000000d6500000,0x00000000d6800000)
 ParOldGen       total 68608K, used 48283K [0x0000000080000000, 0x0000000084300000, 0x00000000d5580000)
  object space 68608K, 70% used [0x0000000080000000,0x0000000082f26de8,0x0000000084300000)
 Metaspace       used 66116K, committed 67584K, reserved 1114112K
  class space    used 7259K, committed 7808K, reserved 1048576K
}
Event: 58.421 GC heap after
{Heap after GC invocations=48 (full 3):
 PSYoungGen      total 16896K, used 617K [0x00000000d5580000, 0x00000000d6880000, 0x0000000100000000)
  eden space 15872K, 0% used [0x00000000d5580000,0x00000000d5580000,0x00000000d6500000)
  from space 1024K, 60% used [0x00000000d6500000,0x00000000d659a6c0,0x00000000d6600000)
  to   space 1536K, 0% used [0x00000000d6700000,0x00000000d6700000,0x00000000d6880000)
 ParOldGen       total 68608K, used 49216K [0x0000000080000000, 0x0000000084300000, 0x00000000d5580000)
  object space 68608K, 71% used [0x0000000080000000,0x0000000083010058,0x0000000084300000)
 Metaspace       used 66116K, committed 67584K, reserved 1114112K
  class space    used 7259K, committed 7808K, reserved 1048576K
}
Event: 58.474 GC heap before
{Heap before GC invocations=49 (full 3):
 PSYoungGen      total 16896K, used 16489K [0x00000000d5580000, 0x00000000d6880000, 0x0000000100000000)
  eden space 15872K, 100% used [0x00000000d5580000,0x00000000d6500000,0x00000000d6500000)
  from space 1024K, 60% used [0x00000000d6500000,0x00000000d659a6c0,0x00000000d6600000)
  to   space 1536K, 0% used [0x00000000d6700000,0x00000000d6700000,0x00000000d6880000)
 ParOldGen       total 68608K, used 49216K [0x0000000080000000, 0x0000000084300000, 0x00000000d5580000)
  object space 68608K, 71% used [0x0000000080000000,0x0000000083010058,0x0000000084300000)
 Metaspace       used 66120K, committed 67584K, reserved 1114112K
  class space    used 7259K, committed 7808K, reserved 1048576K
}
Event: 58.476 GC heap after
{Heap after GC invocations=49 (full 3):
 PSYoungGen      total 16896K, used 970K [0x00000000d5580000, 0x00000000d6800000, 0x0000000100000000)
  eden space 15872K, 0% used [0x00000000d5580000,0x00000000d5580000,0x00000000d6500000)
  from space 1024K, 94% used [0x00000000d6700000,0x00000000d67f2b40,0x00000000d6800000)
  to   space 1536K, 0% used [0x00000000d6500000,0x00000000d6500000,0x00000000d6680000)
 ParOldGen       total 68608K, used 49248K [0x0000000080000000, 0x0000000084300000, 0x00000000d5580000)
  object space 68608K, 71% used [0x0000000080000000,0x0000000083018058,0x0000000084300000)
 Metaspace       used 66120K, committed 67584K, reserved 1114112K
  class space    used 7259K, committed 7808K, reserved 1048576K
}
Event: 58.884 GC heap before
{Heap before GC invocations=50 (full 3):
 PSYoungGen      total 16896K, used 16842K [0x00000000d5580000, 0x00000000d6800000, 0x0000000100000000)
  eden space 15872K, 100% used [0x00000000d5580000,0x00000000d6500000,0x00000000d6500000)
  from space 1024K, 94% used [0x00000000d6700000,0x00000000d67f2b40,0x00000000d6800000)
  to   space 1536K, 0% used [0x00000000d6500000,0x00000000d6500000,0x00000000d6680000)
 ParOldGen       total 68608K, used 49248K [0x0000000080000000, 0x0000000084300000, 0x00000000d5580000)
  object space 68608K, 71% used [0x0000000080000000,0x0000000083018058,0x0000000084300000)
 Metaspace       used 68116K, committed 69696K, reserved 1114112K
  class space    used 7434K, committed 8064K, reserved 1048576K
}
Event: 58.886 GC heap after
{Heap after GC invocations=50 (full 3):
 PSYoungGen      total 17408K, used 1515K [0x00000000d5580000, 0x00000000d6900000, 0x0000000100000000)
  eden space 15872K, 0% used [0x00000000d5580000,0x00000000d5580000,0x00000000d6500000)
  from space 1536K, 98% used [0x00000000d6500000,0x00000000d667ace0,0x00000000d6680000)
  to   space 2048K, 0% used [0x00000000d6700000,0x00000000d6700000,0x00000000d6900000)
 ParOldGen       total 68608K, used 49382K [0x0000000080000000, 0x0000000084300000, 0x00000000d5580000)
  object space 68608K, 71% used [0x0000000080000000,0x0000000083039b60,0x0000000084300000)
 Metaspace       used 68116K, committed 69696K, reserved 1114112K
  class space    used 7434K, committed 8064K, reserved 1048576K
}
Event: 59.327 GC heap before
{Heap before GC invocations=51 (full 3):
 PSYoungGen      total 17408K, used 17387K [0x00000000d5580000, 0x00000000d6900000, 0x0000000100000000)
  eden space 15872K, 100% used [0x00000000d5580000,0x00000000d6500000,0x00000000d6500000)
  from space 1536K, 98% used [0x00000000d6500000,0x00000000d667ace0,0x00000000d6680000)
  to   space 2048K, 0% used [0x00000000d6700000,0x00000000d6700000,0x00000000d6900000)
 ParOldGen       total 68608K, used 49382K [0x0000000080000000, 0x0000000084300000, 0x00000000d5580000)
  object space 68608K, 71% used [0x0000000080000000,0x0000000083039b60,0x0000000084300000)
 Metaspace       used 69024K, committed 70528K, reserved 1114112K
  class space    used 7516K, committed 8128K, reserved 1048576K
}
Event: 59.330 GC heap after
{Heap after GC invocations=51 (full 3):
 PSYoungGen      total 17408K, used 2045K [0x00000000d5580000, 0x00000000d6a00000, 0x0000000100000000)
  eden space 15360K, 0% used [0x00000000d5580000,0x00000000d5580000,0x00000000d6480000)
  from space 2048K, 99% used [0x00000000d6700000,0x00000000d68ff438,0x00000000d6900000)
  to   space 2560K, 0% used [0x00000000d6480000,0x00000000d6480000,0x00000000d6700000)
 ParOldGen       total 68608K, used 50612K [0x0000000080000000, 0x0000000084300000, 0x00000000d5580000)
  object space 68608K, 73% used [0x0000000080000000,0x000000008316d290,0x0000000084300000)
 Metaspace       used 69024K, committed 70528K, reserved 1114112K
  class space    used 7516K, committed 8128K, reserved 1048576K
}
Event: 59.752 GC heap before
{Heap before GC invocations=52 (full 3):
 PSYoungGen      total 17408K, used 17405K [0x00000000d5580000, 0x00000000d6a00000, 0x0000000100000000)
  eden space 15360K, 100% used [0x00000000d5580000,0x00000000d6480000,0x00000000d6480000)
  from space 2048K, 99% used [0x00000000d6700000,0x00000000d68ff438,0x00000000d6900000)
  to   space 2560K, 0% used [0x00000000d6480000,0x00000000d6480000,0x00000000d6700000)
 ParOldGen       total 68608K, used 50612K [0x0000000080000000, 0x0000000084300000, 0x00000000d5580000)
  object space 68608K, 73% used [0x0000000080000000,0x000000008316d290,0x0000000084300000)
 Metaspace       used 70185K, committed 71744K, reserved 1114112K
  class space    used 7660K, committed 8320K, reserved 1048576K
}
Event: 59.758 GC heap after
{Heap after GC invocations=52 (full 3):
 PSYoungGen      total 17408K, used 1642K [0x00000000d5580000, 0x00000000d6880000, 0x0000000100000000)
  eden space 15360K, 0% used [0x00000000d5580000,0x00000000d5580000,0x00000000d6480000)
  from space 2048K, 80% used [0x00000000d6480000,0x00000000d661aa58,0x00000000d6680000)
  to   space 2048K, 0% used [0x00000000d6680000,0x00000000d6680000,0x00000000d6880000)
 ParOldGen       total 68608K, used 52549K [0x0000000080000000, 0x0000000084300000, 0x00000000d5580000)
  object space 68608K, 76% used [0x0000000080000000,0x0000000083351478,0x0000000084300000)
 Metaspace       used 70185K, committed 71744K, reserved 1114112K
  class space    used 7660K, committed 8320K, reserved 1048576K
}
Event: 61.215 GC heap before
{Heap before GC invocations=53 (full 3):
 PSYoungGen      total 17408K, used 17002K [0x00000000d5580000, 0x00000000d6880000, 0x0000000100000000)
  eden space 15360K, 100% used [0x00000000d5580000,0x00000000d6480000,0x00000000d6480000)
  from space 2048K, 80% used [0x00000000d6480000,0x00000000d661aa58,0x00000000d6680000)
  to   space 2048K, 0% used [0x00000000d6680000,0x00000000d6680000,0x00000000d6880000)
 ParOldGen       total 68608K, used 52549K [0x0000000080000000, 0x0000000084300000, 0x00000000d5580000)
  object space 68608K, 76% used [0x0000000080000000,0x0000000083351478,0x0000000084300000)
 Metaspace       used 71527K, committed 73088K, reserved 1114112K
  class space    used 7781K, committed 8448K, reserved 1048576K
}
Event: 61.221 GC heap after
{Heap after GC invocations=53 (full 3):
 PSYoungGen      total 17408K, used 1735K [0x00000000d5580000, 0x00000000d6880000, 0x0000000100000000)
  eden space 15360K, 0% used [0x00000000d5580000,0x00000000d5580000,0x00000000d6480000)
  from space 2048K, 84% used [0x00000000d6680000,0x00000000d6831ee0,0x00000000d6880000)
  to   space 2048K, 0% used [0x00000000d6480000,0x00000000d6480000,0x00000000d6680000)
 ParOldGen       total 68608K, used 53950K [0x0000000080000000, 0x0000000084300000, 0x00000000d5580000)
  object space 68608K, 78% used [0x0000000080000000,0x00000000834af8e0,0x0000000084300000)
 Metaspace       used 71527K, committed 73088K, reserved 1114112K
  class space    used 7781K, committed 8448K, reserved 1048576K
}

